#
# There is insufficient memory for the Java Runtime Environment to continue.
# Native memory allocation (mmap) failed to map 134217728 bytes for Failed to commit area from 0x0000000080a00000 to 0x0000000088a00000 of length 134217728.
# Possible reasons:
#   The system is out of physical RAM or swap space
#   The process is running with CompressedOops enabled, and the Java Heap may be blocking the growth of the native heap
# Possible solutions:
#   Reduce memory load on the system
#   Increase physical memory or swap space
#   Check if swap backing store is full
#   Decrease Java heap size (-Xmx/-Xms)
#   Decrease number of Java threads
#   Decrease Java thread stack sizes (-Xss)
#   Set larger code cache with -XX:ReservedCodeCacheSize=
# This output file may be truncated or incomplete.
#
#  Out of Memory Error (./open/src/hotspot/os/windows/os_windows.cpp:3284), pid=2988, tid=7616
#
# JRE version:  (11.0.14+8) (build )
# Java VM: Java HotSpot(TM) 64-Bit Server VM (11.0.14+8-LTS-263, mixed mode, sharing, tiered, compressed oops, g1 gc, windows-amd64)
# No core dump will be written. Minidumps are not enabled by default on client versions of Windows
#

---------------  S U M M A R Y ------------

Command Line: 

Host: Intel(R) Core(TM) i5-4570 CPU @ 3.20GHz, 4 cores, 7G,  Windows 10 , 64 bit Build 19041 (10.0.19041.1566)
Time: Sat Apr  9 21:16:39 2022 Bangladesh Standard Time elapsed time: 0.021892 seconds (0d 0h 0m 0s)

---------------  T H R E A D  ---------------

Current thread (0x0000024e22a9d000):  JavaThread "Unknown thread" [_thread_in_vm, id=7616, stack(0x000000b976100000,0x000000b976200000)]

Stack: [0x000000b976100000,0x000000b976200000]
Native frames: (J=compiled Java code, j=interpreted, Vv=VM code, C=native code)
V  [jvm.dll+0x6296da]
V  [jvm.dll+0x76323f]
V  [jvm.dll+0x7648e9]
V  [jvm.dll+0x764f73]
V  [jvm.dll+0x23d7c8]
V  [jvm.dll+0x626a5a]
V  [jvm.dll+0x61b7f5]
V  [jvm.dll+0x2f262c]
V  [jvm.dll+0x2f24b2]
V  [jvm.dll+0x2f71d6]
V  [jvm.dll+0x339bdf]
V  [jvm.dll+0x339610]
V  [jvm.dll+0x2cfc48]
V  [jvm.dll+0x2d0db6]
V  [jvm.dll+0x73d857]
V  [jvm.dll+0x73f0ef]
V  [jvm.dll+0x346909]
V  [jvm.dll+0x723160]
V  [jvm.dll+0x3b551f]
V  [jvm.dll+0x3b7631]
C  [jli.dll+0x5207]
C  [ucrtbase.dll+0x21bb2]
C  [KERNEL32.DLL+0x17034]
C  [ntdll.dll+0x52651]


---------------  P R O C E S S  ---------------

Threads class SMR info:
_java_thread_list=0x0000024e2090c600, length=0, elements={
}

Java Threads: ( => current thread )

Other Threads:
  0x0000024e22ab2800 GCTaskThread "GC Thread#0" [stack: 0x000000b976200000,0x000000b976300000] [id=15188]
  0x0000024e22ae1800 ConcurrentGCThread "G1 Main Marker" [stack: 0x000000b976300000,0x000000b976400000] [id=12172]
  0x0000024e22ae3000 ConcurrentGCThread "G1 Conc#0" [stack: 0x000000b976400000,0x000000b976500000] [id=15232]

[error occurred during error reporting (printing all threads), id 0xc0000005, EXCEPTION_ACCESS_VIOLATION (0xc0000005) at pc=0x00007ffb9897eed7]

VM state:not at safepoint (not fully initialized)

VM Mutex/Monitor currently owned by a thread:  ([mutex/lock_event])
[0x0000024e22a992e0] Heap_lock - owner thread: 0x0000024e22a9d000

Heap address: 0x0000000080a00000, size: 2038 MB, Compressed Oops mode: Non-zero based: 0x0000000080a00000
Narrow klass base: 0x0000000000000000, Narrow klass shift: 0

GC Heap History (0 events):
No events

Deoptimization events (0 events):
No events

Classes redefined (0 events):
No events

Internal exceptions (0 events):
No events

Events (0 events):
No events


Dynamic libraries:
0x00007ff729320000 - 0x00007ff72932f000 	C:\Program Files\Java\jdk-11.0.14\bin\java.exe
0x00007ffbfc7d0000 - 0x00007ffbfc9c5000 	C:\Windows\SYSTEM32\ntdll.dll
0x00007ffbfc250000 - 0x00007ffbfc30e000 	C:\Windows\System32\KERNEL32.DLL
0x00007ffbfa560000 - 0x00007ffbfa828000 	C:\Windows\System32\KERNELBASE.dll
0x00007ffbfa030000 - 0x00007ffbfa130000 	C:\Windows\System32\ucrtbase.dll
0x00007ffbd8cd0000 - 0x00007ffbd8ce5000 	C:\Program Files\Java\jdk-11.0.14\bin\VCRUNTIME140.dll
0x00007ffbd8980000 - 0x00007ffbd8998000 	C:\Program Files\Java\jdk-11.0.14\bin\jli.dll
0x00007ffbfbe30000 - 0x00007ffbfbede000 	C:\Windows\System32\ADVAPI32.dll
0x00007ffbfb5c0000 - 0x00007ffbfb65e000 	C:\Windows\System32\msvcrt.dll
0x00007ffbfbd90000 - 0x00007ffbfbe2c000 	C:\Windows\System32\sechost.dll
0x00007ffbfab30000 - 0x00007ffbfac55000 	C:\Windows\System32\RPCRT4.dll
0x00007ffbfb750000 - 0x00007ffbfb8f0000 	C:\Windows\System32\USER32.dll
0x00007ffbfa470000 - 0x00007ffbfa492000 	C:\Windows\System32\win32u.dll
0x00007ffbfa9d0000 - 0x00007ffbfa9fa000 	C:\Windows\System32\GDI32.dll
0x00007ffbfa290000 - 0x00007ffbfa39b000 	C:\Windows\System32\gdi32full.dll
0x00007ffbfa3d0000 - 0x00007ffbfa46d000 	C:\Windows\System32\msvcp_win.dll
0x00007ffbebff0000 - 0x00007ffbec28a000 	C:\Windows\WinSxS\amd64_microsoft.windows.common-controls_6595b64144ccf1df_6.0.19041.1110_none_60b5254171f9507e\COMCTL32.dll
0x00007ffbf0ad0000 - 0x00007ffbf0ada000 	C:\Windows\SYSTEM32\VERSION.dll
0x00007ffbfb8f0000 - 0x00007ffbfb920000 	C:\Windows\System32\IMM32.DLL
0x00007ffba4f10000 - 0x00007ffba4fab000 	C:\Program Files\Java\jdk-11.0.14\bin\msvcp140.dll
0x00007ffb986a0000 - 0x00007ffb991b6000 	C:\Program Files\Java\jdk-11.0.14\bin\server\jvm.dll
0x00007ffbfc1c0000 - 0x00007ffbfc1c8000 	C:\Windows\System32\PSAPI.DLL
0x00007ffbd9670000 - 0x00007ffbd9679000 	C:\Windows\SYSTEM32\WSOCK32.dll
0x00007ffbfc310000 - 0x00007ffbfc37b000 	C:\Windows\System32\WS2_32.dll
0x00007ffbf0ae0000 - 0x00007ffbf0b07000 	C:\Windows\SYSTEM32\WINMM.dll
0x00007ffbf7d50000 - 0x00007ffbf7d62000 	C:\Windows\SYSTEM32\kernel.appcore.dll
0x00007ffbd8fc0000 - 0x00007ffbd8fd0000 	C:\Program Files\Java\jdk-11.0.14\bin\verify.dll
0x00007ffbecc60000 - 0x00007ffbece44000 	C:\Windows\SYSTEM32\DBGHELP.DLL
0x00007ffbecbe0000 - 0x00007ffbecc0c000 	C:\Windows\SYSTEM32\dbgcore.DLL
0x00007ffbf9ef0000 - 0x00007ffbf9f72000 	C:\Windows\System32\bcryptPrimitives.dll
0x00007ffbae7b0000 - 0x00007ffbae7d8000 	C:\Program Files\Java\jdk-11.0.14\bin\java.dll
0x00007ffbd8cc0000 - 0x00007ffbd8cca000 	C:\Program Files\Java\jdk-11.0.14\bin\jimage.dll
0x00007ffbae060000 - 0x00007ffbae076000 	C:\Program Files\Java\jdk-11.0.14\bin\zip.dll

dbghelp: loaded successfully - version: 4.0.5 - missing functions: none
symbol engine: initialized successfully - sym options: 0x614 - pdb path: .;C:\Program Files\Java\jdk-11.0.14\bin;C:\Windows\SYSTEM32;C:\Windows\WinSxS\amd64_microsoft.windows.common-controls_6595b64144ccf1df_6.0.19041.1110_none_60b5254171f9507e;C:\Program Files\Java\jdk-11.0.14\bin\server

VM Arguments:
java_command: <unknown>
java_class_path (initial): <not set>
Launcher Type: SUN_STANDARD

[Global flags]
     intx CICompilerCount                          = 3                                         {product} {ergonomic}
     uint ConcGCThreads                            = 1                                         {product} {ergonomic}
     uint G1ConcRefinementThreads                  = 4                                         {product} {ergonomic}
   size_t G1HeapRegionSize                         = 1048576                                   {product} {ergonomic}
    uintx GCDrainStackTargetSize                   = 64                                        {product} {ergonomic}
   size_t InitialHeapSize                          = 134217728                                 {product} {ergonomic}
   size_t MarkStackSize                            = 4194304                                   {product} {ergonomic}
   size_t MaxHeapSize                              = 2136997888                                {product} {ergonomic}
   size_t MinHeapDeltaBytes                        = 1048576                                   {product} {ergonomic}
    uintx NonNMethodCodeHeapSize                   = 5830732                                {pd product} {ergonomic}
    uintx NonProfiledCodeHeapSize                  = 122913754                              {pd product} {ergonomic}
    uintx ProfiledCodeHeapSize                     = 122913754                              {pd product} {ergonomic}
    uintx ReservedCodeCacheSize                    = 251658240                              {pd product} {ergonomic}
     bool SegmentedCodeCache                       = true                                      {product} {ergonomic}
     bool UseCompressedClassPointers               = true                                 {lp64_product} {ergonomic}
     bool UseCompressedOops                        = true                                 {lp64_product} {ergonomic}
     bool UseG1GC                                  = true                                      {product} {ergonomic}
     bool UseLargePagesIndividualAllocation        = false                                  {pd product} {ergonomic}

Logging:
Log output configuration:
 #0: stdout all=warning uptime,level,tags
 #1: stderr all=off uptime,level,tags

Environment Variables:
PATH=E:\teamManagement\android\node_modules\.bin;E:\teamManagement\node_modules\.bin;E:\node_modules\.bin;C:\Program Files\nodejs;C:\Users\sohel\AppData\Local\Temp\yarn--1649517382813-0.4976921671854;E:\teamManagement\node_modules\.bin;C:\Users\sohel\AppData\Local\Yarn\Data\link\node_modules\.bin;C:\Users\sohel\AppData\Local\Yarn\bin;C:\Program Files\libexec\lib\node_modules\npm\bin\node-gyp-bin;C:\Program Files\lib\node_modules\npm\bin\node-gyp-bin;C:\Program Files\nodejs\node_modules\npm\bin\node-gyp-bin;C:\Users\sohel\bin;C:\Program Files\Git\mingw64\bin;C:\Program Files\Git\usr\local\bin;C:\Program Files\Git\usr\bin;C:\Program Files\Git\usr\bin;C:\Program Files\Git\mingw64\bin;C:\Program Files\Git\usr\bin;C:\Users\sohel\bin;C:\Program Files\Common Files\Oracle\Java\javapath;C:\Python310\Scripts;C:\Python310;C:\Windows\system32;C:\Windows;C:\Windows\System32\Wbem;C:\Windows\System32\WindowsPowerShell\v1.0;C:\Windows\System32\OpenSSH;C:\Program Files (x86)\ATI Technologies\ATI.ACE\Core-Static;C:\Program Files\nodejs;C:\ProgramData\chocolatey\bin;C:\Program Files\Git\cmd;C:\Program Files\dotnet;C:\Users\sohel\AppData\Local\Microsoft\WindowsApps;C:\Users\sohel\AppData\Roaming\npm;C:\Users\sohel\AppData\Local\Programs\Microsoft VS Code\bin;C:\Users\sohel\AppData\Local\Android\Sdk\platform-tools;C:\Program Files\Git\usr\bin\vendor_perl;C:\Program Files\Git\usr\bin\core_perl
USERNAME=sohel
SHELL=C:\Program Files\Git\usr\bin\bash.exe
DISPLAY=needs-to-be-defined
OS=Windows_NT
PROCESSOR_IDENTIFIER=Intel64 Family 6 Model 60 Stepping 3, GenuineIntel



---------------  S Y S T E M  ---------------

OS: Windows 10 , 64 bit Build 19041 (10.0.19041.1566)

CPU:total 4 (initial active 4) (4 cores per cpu, 1 threads per core) family 6 model 60 stepping 3 microcode 0x27, cmov, cx8, fxsr, mmx, sse, sse2, sse3, ssse3, sse4.1, sse4.2, popcnt, avx, avx2, aes, clmul, erms, lzcnt, tsc, tscinvbit, bmi1, bmi2, fma

Memory: 4k page, system-wide physical 8147M (470M free)
TotalPageFile size 22456M (AvailPageFile size 41M)
current process WorkingSet (physical memory assigned to process): 9M, peak: 9M
current process commit charge ("private bytes"): 51M, peak: 179M

vm_info: Java HotSpot(TM) 64-Bit Server VM (11.0.14+8-LTS-263) for windows-amd64 JRE (11.0.14+8-LTS-263), built on Dec  7 2021 21:53:57 by "mach5one" with MS VC++ 15.9 (VS2017)

END.
